Fetching chapter list...
Total chapters found: 560
Total chapters for Volume >= 10: 321
[1/321] Downloading: 10_vol._1_chapter_-_Demon_Lord&#x27;s_Domain,_Infiltration
  -> Saved to /home/michael/Documents/wrong_way_to_use_healing_magic/raw_files/10_vol._1_chapter_-_Demon_Lord&#x27;s_Domain,_Infiltration.pdf
  -> Waiting 5.28 seconds before next chapter...

[2/321] Downloading: 10_vol._2_chapter
  -> Saved to /home/michael/Documents/wrong_way_to_use_healing_magic/raw_files/10_vol._2_chapter.pdf
  -> Waiting 6.32 seconds before next chapter...

[3/321] Downloading: 10_vol._3_chapter
  -> Saved to /home/michael/Documents/wrong_way_to_use_healing_magic/raw_files/10_vol._3_chapter.pdf
  -> Waiting 9.59 seconds before next chapter...

[4/321] Downloading: 10_vol._4_chapter
  -> Saved to /home/michael/Documents/wrong_way_to_use_healing_magic/raw_files/10_vol._4_chapter.pdf
  -> Waiting 7.22 seconds before next chapter...

[5/321] Downloading: 10_vol._5_chapter
  -> Saved to /home/michael/Documents/wrong_way_to_use_healing_magic/raw_files/10_vol._5_chapter.pdf
  -> Waiting 9.05 seconds before next chapter...

[6/321] Downloading: 10_vol._6_chapter
  -> Saved to /home/michael/Documents/wrong_way_to_use_healing_magic/raw_files/10_vol._6_chapter.pdf
  -> Waiting 8.35 seconds before next chapter...

[7/321] Downloading: 10_vol._7_chapter
  -> Saved to /home/michael/Documents/wrong_way_to_use_healing_magic/raw_files/10_vol._7_chapter.pdf
  -> Waiting 5.62 seconds before next chapter...

[8/321] Downloading: 10_vol._8_chapter
  -> Saved to /home/michael/Documents/wrong_way_to_use_healing_magic/raw_files/10_vol._8_chapter.pdf
  -> Waiting 6.79 seconds before next chapter...

[9/321] Downloading: 10_vol._9_chapter
  -> Saved to /home/michael/Documents/wrong_way_to_use_healing_magic/raw_files/10_vol._9_chapter.pdf
  -> Waiting 7.75 seconds before next chapter...

[10/321] Downloading: 10_vol._10_chapter
  -> Saved to /home/michael/Documents/wrong_way_to_use_healing_magic/raw_files/10_vol._10_chapter.pdf
  -> Waiting 5.01 seconds before next chapter...

[11/321] Downloading: 10_vol._11_chapter
  -> Saved to /home/michael/Documents/wrong_way_to_use_healing_magic/raw_files/10_vol._11_chapter.pdf
  -> Waiting 7.25 seconds before next chapter...

[12/321] Downloading: 10_vol._12_chapter
  -> Saved to /home/michael/Documents/wrong_way_to_use_healing_magic/raw_files/10_vol._12_chapter.pdf
  -> Waiting 9.40 seconds before next chapter...

[13/321] Downloading: 10_vol._13_chapter
  -> Saved to /home/michael/Documents/wrong_way_to_use_healing_magic/raw_files/10_vol._13_chapter.pdf
  -> Waiting 8.31 seconds before next chapter...

[14/321] Downloading: 10_vol._14_chapter
  -> Saved to /home/michael/Documents/wrong_way_to_use_healing_magic/raw_files/10_vol._14_chapter.pdf
  -> Waiting 5.43 seconds before next chapter...

[15/321] Downloading: 10_vol._15_chapter
  -> Saved to /home/michael/Documents/wrong_way_to_use_healing_magic/raw_files/10_vol._15_chapter.pdf
  -> Waiting 6.11 seconds before next chapter...

[16/321] Downloading: 10_vol._16_chapter
  -> Saved to /home/michael/Documents/wrong_way_to_use_healing_magic/raw_files/10_vol._16_chapter.pdf
  -> Waiting 6.57 seconds before next chapter...

[17/321] Downloading: 10_vol._17_chapter
  -> Saved to /home/michael/Documents/wrong_way_to_use_healing_magic/raw_files/10_vol._17_chapter.pdf
  -> Waiting 7.62 seconds before next chapter...

[18/321] Downloading: 10_vol._18_chapter
  -> Saved to /home/michael/Documents/wrong_way_to_use_healing_magic/raw_files/10_vol._18_chapter.pdf
  -> Waiting 9.63 seconds before next chapter...

[19/321] Downloading: 10_vol._19_chapter
  -> Saved to /home/michael/Documents/wrong_way_to_use_healing_magic/raw_files/10_vol._19_chapter.pdf
  -> Waiting 6.66 seconds before next chapter...

[20/321] Downloading: 10_vol._20_chapter
  -> Saved to /home/michael/Documents/wrong_way_to_use_healing_magic/raw_files/10_vol._20_chapter.pdf
  -> Waiting 7.63 seconds before next chapter...

[21/321] Downloading: 10_vol._21_chapter
  -> Saved to /home/michael/Documents/wrong_way_to_use_healing_magic/raw_files/10_vol._21_chapter.pdf
  -> Waiting 8.08 seconds before next chapter...

[22/321] Downloading: 10_vol._22_chapter
  -> Saved to /home/michael/Documents/wrong_way_to_use_healing_magic/raw_files/10_vol._22_chapter.pdf
  -> Waiting 7.23 seconds before next chapter...

[23/321] Downloading: 10_vol._23_chapter
  -> Saved to /home/michael/Documents/wrong_way_to_use_healing_magic/raw_files/10_vol._23_chapter.pdf
  -> Waiting 6.28 seconds before next chapter...

[24/321] Downloading: 10_vol._24_chapter
  -> Saved to /home/michael/Documents/wrong_way_to_use_healing_magic/raw_files/10_vol._24_chapter.pdf
  -> Waiting 9.46 seconds before next chapter...

[25/321] Downloading: 10_vol._25_chapter
  -> Saved to /home/michael/Documents/wrong_way_to_use_healing_magic/raw_files/10_vol._25_chapter.pdf
  -> Waiting 5.94 seconds before next chapter...

[26/321] Downloading: 10_vol._26_chapter
  -> Saved to /home/michael/Documents/wrong_way_to_use_healing_magic/raw_files/10_vol._26_chapter.pdf
  -> Waiting 7.85 seconds before next chapter...

[27/321] Downloading: 10_vol._27_chapter
  -> Saved to /home/michael/Documents/wrong_way_to_use_healing_magic/raw_files/10_vol._27_chapter.pdf
  -> Waiting 9.17 seconds before next chapter...

[28/321] Downloading: 10_vol._28_chapter
  -> Saved to /home/michael/Documents/wrong_way_to_use_healing_magic/raw_files/10_vol._28_chapter.pdf
  -> Waiting 5.23 seconds before next chapter...

[29/321] Downloading: 10_vol._29_chapter_-_Tale_of_what_if:_his_story
  -> Saved to /home/michael/Documents/wrong_way_to_use_healing_magic/raw_files/10_vol._29_chapter_-_Tale_of_what_if:_his_story.pdf
  -> Waiting 5.08 seconds before next chapter...

[30/321] Downloading: 10_vol._30_chapter_-_Two_people_in_one_-_The_change_he_made
  -> Saved to /home/michael/Documents/wrong_way_to_use_healing_magic/raw_files/10_vol._30_chapter_-_Two_people_in_one_-_The_change_he_made.pdf
  -> Waiting 7.92 seconds before next chapter...

[31/321] Downloading: 10_vol._31_chapter_-_Silent_story:_Attack_is_the_greatest_&quot;enemy&quot;
  -> Saved to /home/michael/Documents/wrong_way_to_use_healing_magic/raw_files/10_vol._31_chapter_-_Silent_story:_Attack_is_the_greatest_&quot;enemy&quot;.pdf
  -> Waiting 5.31 seconds before next chapter...

[32/321] Downloading: 10_vol._32_chapter_-_Character_introduction_+_list_of_techniques
  -> Saved to /home/michael/Documents/wrong_way_to_use_healing_magic/raw_files/10_vol._32_chapter_-_Character_introduction_+_list_of_techniques.pdf
  -> Waiting 5.23 seconds before next chapter...

[33/321] Downloading: 11_vol._1_chapter_-_The_Final_Battle,_the_Demon_King_City_of_Belhazar
  -> Saved to /home/michael/Documents/wrong_way_to_use_healing_magic/raw_files/11_vol._1_chapter_-_The_Final_Battle,_the_Demon_King_City_of_Belhazar.pdf
  -> Waiting 8.98 seconds before next chapter...

[34/321] Downloading: 11_vol._2_chapter
  -> Saved to /home/michael/Documents/wrong_way_to_use_healing_magic/raw_files/11_vol._2_chapter.pdf
  -> Waiting 9.47 seconds before next chapter...

[35/321] Downloading: 11_vol._3_chapter
  -> Saved to /home/michael/Documents/wrong_way_to_use_healing_magic/raw_files/11_vol._3_chapter.pdf
  -> Waiting 8.75 seconds before next chapter...

[36/321] Downloading: 11_vol._4_chapter
  -> Saved to /home/michael/Documents/wrong_way_to_use_healing_magic/raw_files/11_vol._4_chapter.pdf
  -> Waiting 5.41 seconds before next chapter...

[37/321] Downloading: 11_vol._5_chapter
  -> Saved to /home/michael/Documents/wrong_way_to_use_healing_magic/raw_files/11_vol._5_chapter.pdf
  -> Waiting 7.00 seconds before next chapter...

[38/321] Downloading: 11_vol._6_chapter
  -> Saved to /home/michael/Documents/wrong_way_to_use_healing_magic/raw_files/11_vol._6_chapter.pdf
  -> Waiting 6.63 seconds before next chapter...

[39/321] Downloading: 11_vol._7_chapter
  -> Saved to /home/michael/Documents/wrong_way_to_use_healing_magic/raw_files/11_vol._7_chapter.pdf
  -> Waiting 7.53 seconds before next chapter...

[40/321] Downloading: 11_vol._8_chapter
  -> Saved to /home/michael/Documents/wrong_way_to_use_healing_magic/raw_files/11_vol._8_chapter.pdf
  -> Waiting 8.74 seconds before next chapter...

[41/321] Downloading: 11_vol._9_chapter
  -> Saved to /home/michael/Documents/wrong_way_to_use_healing_magic/raw_files/11_vol._9_chapter.pdf
  -> Waiting 8.66 seconds before next chapter...

[42/321] Downloading: 11_vol._10_chapter
  -> Saved to /home/michael/Documents/wrong_way_to_use_healing_magic/raw_files/11_vol._10_chapter.pdf
  -> Waiting 9.61 seconds before next chapter...

[43/321] Downloading: 11_vol._11_chapter
  -> Saved to /home/michael/Documents/wrong_way_to_use_healing_magic/raw_files/11_vol._11_chapter.pdf
  -> Waiting 8.28 seconds before next chapter...

[44/321] Downloading: 11_vol._12_chapter
  -> Saved to /home/michael/Documents/wrong_way_to_use_healing_magic/raw_files/11_vol._12_chapter.pdf
  -> Waiting 9.88 seconds before next chapter...

[45/321] Downloading: 11_vol._13_chapter_-_Tale_Fugitive
  -> Saved to /home/michael/Documents/wrong_way_to_use_healing_magic/raw_files/11_vol._13_chapter_-_Tale_Fugitive.pdf
  -> Waiting 5.20 seconds before next chapter...

[46/321] Downloading: 11_vol._14_chapter
  -> Saved to /home/michael/Documents/wrong_way_to_use_healing_magic/raw_files/11_vol._14_chapter.pdf
  -> Waiting 9.68 seconds before next chapter...

[47/321] Downloading: 11_vol._15_chapter
  -> Saved to /home/michael/Documents/wrong_way_to_use_healing_magic/raw_files/11_vol._15_chapter.pdf
  -> Waiting 5.65 seconds before next chapter...

[48/321] Downloading: 11_vol._16_chapter
  -> Saved to /home/michael/Documents/wrong_way_to_use_healing_magic/raw_files/11_vol._16_chapter.pdf
  -> Waiting 7.65 seconds before next chapter...

[49/321] Downloading: 11_vol._17_chapter
  -> Saved to /home/michael/Documents/wrong_way_to_use_healing_magic/raw_files/11_vol._17_chapter.pdf
  -> Waiting 8.96 seconds before next chapter...

[50/321] Downloading: 11_vol._18_chapter
  -> Saved to /home/michael/Documents/wrong_way_to_use_healing_magic/raw_files/11_vol._18_chapter.pdf
  -> Waiting 7.49 seconds before next chapter...

[51/321] Downloading: 11_vol._19_chapter
  -> Saved to /home/michael/Documents/wrong_way_to_use_healing_magic/raw_files/11_vol._19_chapter.pdf
  -> Waiting 7.79 seconds before next chapter...

[52/321] Downloading: 11_vol._20_chapter
  -> Saved to /home/michael/Documents/wrong_way_to_use_healing_magic/raw_files/11_vol._20_chapter.pdf
  -> Waiting 9.31 seconds before next chapter...

[53/321] Downloading: 11_vol._21_chapter
  -> Saved to /home/michael/Documents/wrong_way_to_use_healing_magic/raw_files/11_vol._21_chapter.pdf
  -> Waiting 8.36 seconds before next chapter...

[54/321] Downloading: 11_vol._22_chapter
  -> Saved to /home/michael/Documents/wrong_way_to_use_healing_magic/raw_files/11_vol._22_chapter.pdf
  -> Waiting 7.19 seconds before next chapter...

[55/321] Downloading: 11_vol._23_chapter
  -> Saved to /home/michael/Documents/wrong_way_to_use_healing_magic/raw_files/11_vol._23_chapter.pdf
  -> Waiting 9.43 seconds before next chapter...

[56/321] Downloading: 11_vol._25_chapter
  -> Saved to /home/michael/Documents/wrong_way_to_use_healing_magic/raw_files/11_vol._25_chapter.pdf
  -> Waiting 7.12 seconds before next chapter...

[57/321] Downloading: 11_vol._26_chapter
  -> Saved to /home/michael/Documents/wrong_way_to_use_healing_magic/raw_files/11_vol._26_chapter.pdf
  -> Waiting 5.62 seconds before next chapter...

[58/321] Downloading: 11_vol._27_chapter
  -> Saved to /home/michael/Documents/wrong_way_to_use_healing_magic/raw_files/11_vol._27_chapter.pdf
  -> Waiting 6.14 seconds before next chapter...

[59/321] Downloading: 11_vol._28_chapter
  -> Saved to /home/michael/Documents/wrong_way_to_use_healing_magic/raw_files/11_vol._28_chapter.pdf
  -> Waiting 8.98 seconds before next chapter...

[60/321] Downloading: 11_vol._29_chapter
  -> Saved to /home/michael/Documents/wrong_way_to_use_healing_magic/raw_files/11_vol._29_chapter.pdf
  -> Waiting 5.09 seconds before next chapter...

[61/321] Downloading: 11_vol._30_chapter
  -> Saved to /home/michael/Documents/wrong_way_to_use_healing_magic/raw_files/11_vol._30_chapter.pdf
  -> Waiting 8.79 seconds before next chapter...

[62/321] Downloading: 11_vol._31_chapter
  -> Saved to /home/michael/Documents/wrong_way_to_use_healing_magic/raw_files/11_vol._31_chapter.pdf
  -> Waiting 9.03 seconds before next chapter...

[63/321] Downloading: 11_vol._32_chapter
  -> Saved to /home/michael/Documents/wrong_way_to_use_healing_magic/raw_files/11_vol._32_chapter.pdf
  -> Waiting 7.49 seconds before next chapter...

[64/321] Downloading: 11_vol._33_chapter
  -> Saved to /home/michael/Documents/wrong_way_to_use_healing_magic/raw_files/11_vol._33_chapter.pdf
  -> Waiting 7.59 seconds before next chapter...

[65/321] Downloading: 11_vol._34_chapter
  -> Saved to /home/michael/Documents/wrong_way_to_use_healing_magic/raw_files/11_vol._34_chapter.pdf
  -> Waiting 9.13 seconds before next chapter...

[66/321] Downloading: 11_vol._35_chapter_-_A_role_that_cannot_be_escaped
  -> Saved to /home/michael/Documents/wrong_way_to_use_healing_magic/raw_files/11_vol._35_chapter_-_A_role_that_cannot_be_escaped.pdf
  -> Waiting 8.77 seconds before next chapter...

[67/321] Downloading: 11_vol._36_chapter_-_Tale_of_Wrath
  -> Saved to /home/michael/Documents/wrong_way_to_use_healing_magic/raw_files/11_vol._36_chapter_-_Tale_of_Wrath.pdf
  -> Waiting 8.76 seconds before next chapter...

[68/321] Downloading: 12_vol._1_chapter_-_When_the_World_Moves
  -> Saved to /home/michael/Documents/wrong_way_to_use_healing_magic/raw_files/12_vol._1_chapter_-_When_the_World_Moves.pdf
  -> Waiting 7.24 seconds before next chapter...

[69/321] Downloading: 12_vol._2_chapter
  -> Saved to /home/michael/Documents/wrong_way_to_use_healing_magic/raw_files/12_vol._2_chapter.pdf
  -> Waiting 5.98 seconds before next chapter...

[70/321] Downloading: 12_vol._3_chapter
  -> Saved to /home/michael/Documents/wrong_way_to_use_healing_magic/raw_files/12_vol._3_chapter.pdf
  -> Waiting 7.00 seconds before next chapter...

[71/321] Downloading: 12_vol._4_chapter
  -> Saved to /home/michael/Documents/wrong_way_to_use_healing_magic/raw_files/12_vol._4_chapter.pdf
  -> Waiting 5.89 seconds before next chapter...

[72/321] Downloading: 12_vol._5_chapter
  -> Saved to /home/michael/Documents/wrong_way_to_use_healing_magic/raw_files/12_vol._5_chapter.pdf
  -> Waiting 7.04 seconds before next chapter...

[73/321] Downloading: 12_vol._6_chapter
  -> Saved to /home/michael/Documents/wrong_way_to_use_healing_magic/raw_files/12_vol._6_chapter.pdf
  -> Waiting 9.54 seconds before next chapter...

[74/321] Downloading: 12_vol._7_chapter
  -> Saved to /home/michael/Documents/wrong_way_to_use_healing_magic/raw_files/12_vol._7_chapter.pdf
  -> Waiting 5.26 seconds before next chapter...

[75/321] Downloading: 12_vol._8_chapter
  -> Saved to /home/michael/Documents/wrong_way_to_use_healing_magic/raw_files/12_vol._8_chapter.pdf
  -> Waiting 8.38 seconds before next chapter...

[76/321] Downloading: 12_vol._9_chapter_-_Silent_Story:_The_Rescue_Team_from_Her_Perspective
  -> Saved to /home/michael/Documents/wrong_way_to_use_healing_magic/raw_files/12_vol._9_chapter_-_Silent_Story:_The_Rescue_Team_from_Her_Perspective.pdf
  -> Waiting 5.76 seconds before next chapter...

[77/321] Downloading: 12_vol._10_chapter_-_Tale_of_the_One_Who_Lurks_in_the_Darkness
  -> Saved to /home/michael/Documents/wrong_way_to_use_healing_magic/raw_files/12_vol._10_chapter_-_Tale_of_the_One_Who_Lurks_in_the_Darkness.pdf
  -> Waiting 9.26 seconds before next chapter...

[78/321] Downloading: 13_vol._1_chapter_-_Large-Scale_Talks,_the_Devil&#x27;s_Secret
  -> Saved to /home/michael/Documents/wrong_way_to_use_healing_magic/raw_files/13_vol._1_chapter_-_Large-Scale_Talks,_the_Devil&#x27;s_Secret.pdf
  -> Waiting 5.91 seconds before next chapter...

[79/321] Downloading: 13_vol._2_chapter
  -> Saved to /home/michael/Documents/wrong_way_to_use_healing_magic/raw_files/13_vol._2_chapter.pdf
  -> Waiting 5.32 seconds before next chapter...

[80/321] Downloading: 13_vol._3_chapter
  -> Saved to /home/michael/Documents/wrong_way_to_use_healing_magic/raw_files/13_vol._3_chapter.pdf
  -> Waiting 7.36 seconds before next chapter...

[81/321] Downloading: 13_vol._4_chapter
  -> Saved to /home/michael/Documents/wrong_way_to_use_healing_magic/raw_files/13_vol._4_chapter.pdf
  -> Waiting 5.31 seconds before next chapter...

[82/321] Downloading: 13_vol._5_chapter
  -> Saved to /home/michael/Documents/wrong_way_to_use_healing_magic/raw_files/13_vol._5_chapter.pdf
  -> Waiting 7.28 seconds before next chapter...

[83/321] Downloading: 13_vol._6_chapter_-_Quiet_Tale_A_Moment_on_the_Ship
  -> Saved to /home/michael/Documents/wrong_way_to_use_healing_magic/raw_files/13_vol._6_chapter_-_Quiet_Tale_A_Moment_on_the_Ship.pdf
  -> Waiting 6.70 seconds before next chapter...

[84/321] Downloading: 13_vol._7_chapter
  -> Saved to /home/michael/Documents/wrong_way_to_use_healing_magic/raw_files/13_vol._7_chapter.pdf
  -> Waiting 9.84 seconds before next chapter...

[85/321] Downloading: 13_vol._8_chapter
  -> Saved to /home/michael/Documents/wrong_way_to_use_healing_magic/raw_files/13_vol._8_chapter.pdf
  -> Waiting 5.95 seconds before next chapter...

[86/321] Downloading: 13_vol._9_chapter_-_Tale_of_the_Darkness_of_the_Brave
  -> Saved to /home/michael/Documents/wrong_way_to_use_healing_magic/raw_files/13_vol._9_chapter_-_Tale_of_the_Darkness_of_the_Brave.pdf
  -> Waiting 9.62 seconds before next chapter...

[87/321] Downloading: 13_vol._10_chapter
  -> Saved to /home/michael/Documents/wrong_way_to_use_healing_magic/raw_files/13_vol._10_chapter.pdf
  -> Waiting 8.12 seconds before next chapter...

[88/321] Downloading: 13_vol._11_chapter
  -> Saved to /home/michael/Documents/wrong_way_to_use_healing_magic/raw_files/13_vol._11_chapter.pdf
  -> Waiting 5.96 seconds before next chapter...

[89/321] Downloading: 13_vol._12_chapter
  -> Saved to /home/michael/Documents/wrong_way_to_use_healing_magic/raw_files/13_vol._12_chapter.pdf
  -> Waiting 9.62 seconds before next chapter...

[90/321] Downloading: 13_vol._13_chapter
  -> Saved to /home/michael/Documents/wrong_way_to_use_healing_magic/raw_files/13_vol._13_chapter.pdf
  -> Waiting 6.91 seconds before next chapter...

[91/321] Downloading: 13_vol._14_chapter
  -> Saved to /home/michael/Documents/wrong_way_to_use_healing_magic/raw_files/13_vol._14_chapter.pdf
  -> Waiting 7.84 seconds before next chapter...

[92/321] Downloading: 13_vol._15_chapter
  -> Saved to /home/michael/Documents/wrong_way_to_use_healing_magic/raw_files/13_vol._15_chapter.pdf
  -> Waiting 5.26 seconds before next chapter...

[93/321] Downloading: 13_vol._16_chapter
  -> Saved to /home/michael/Documents/wrong_way_to_use_healing_magic/raw_files/13_vol._16_chapter.pdf
  -> Waiting 6.47 seconds before next chapter...

[94/321] Downloading: 13_vol._17_chapter
  -> Saved to /home/michael/Documents/wrong_way_to_use_healing_magic/raw_files/13_vol._17_chapter.pdf
  -> Waiting 7.71 seconds before next chapter...

[95/321] Downloading: 13_vol._18_chapter
  -> Saved to /home/michael/Documents/wrong_way_to_use_healing_magic/raw_files/13_vol._18_chapter.pdf
  -> Waiting 9.53 seconds before next chapter...

[96/321] Downloading: 13_vol._19_chapter
  -> Saved to /home/michael/Documents/wrong_way_to_use_healing_magic/raw_files/13_vol._19_chapter.pdf
  -> Waiting 5.69 seconds before next chapter...

[97/321] Downloading: 13_vol._20_chapter_-_Tale_of_the_Devil
  -> Saved to /home/michael/Documents/wrong_way_to_use_healing_magic/raw_files/13_vol._20_chapter_-_Tale_of_the_Devil.pdf
  -> Waiting 9.45 seconds before next chapter...

[98/321] Downloading: 13_vol._21_chapter
  -> Saved to /home/michael/Documents/wrong_way_to_use_healing_magic/raw_files/13_vol._21_chapter.pdf
  -> Waiting 6.85 seconds before next chapter...

[99/321] Downloading: 13_vol._22_chapter
  -> Saved to /home/michael/Documents/wrong_way_to_use_healing_magic/raw_files/13_vol._22_chapter.pdf
  -> Waiting 7.31 seconds before next chapter...

[100/321] Downloading: 13_vol._23_chapter
  -> Saved to /home/michael/Documents/wrong_way_to_use_healing_magic/raw_files/13_vol._23_chapter.pdf
  -> Waiting 5.84 seconds before next chapter...

[101/321] Downloading: 13_vol._24_chapter_-_Tales_of_Pain_and_Fear
  -> Saved to /home/michael/Documents/wrong_way_to_use_healing_magic/raw_files/13_vol._24_chapter_-_Tales_of_Pain_and_Fear.pdf
  -> Waiting 9.68 seconds before next chapter...

[102/321] Downloading: 13_vol._25_chapter
  -> Saved to /home/michael/Documents/wrong_way_to_use_healing_magic/raw_files/13_vol._25_chapter.pdf
  -> Waiting 9.08 seconds before next chapter...

[103/321] Downloading: 13_vol._26_chapter
  -> Saved to /home/michael/Documents/wrong_way_to_use_healing_magic/raw_files/13_vol._26_chapter.pdf
  -> Waiting 8.23 seconds before next chapter...

[104/321] Downloading: 13_vol._27_chapter
  -> Saved to /home/michael/Documents/wrong_way_to_use_healing_magic/raw_files/13_vol._27_chapter.pdf
  -> Waiting 8.18 seconds before next chapter...

[105/321] Downloading: 13_vol._28_chapter
  -> Saved to /home/michael/Documents/wrong_way_to_use_healing_magic/raw_files/13_vol._28_chapter.pdf
  -> Waiting 7.82 seconds before next chapter...

[106/321] Downloading: 13_vol._29_chapter_-_Quiet_talk_Temporary_time_on_the_way_home
  -> Saved to /home/michael/Documents/wrong_way_to_use_healing_magic/raw_files/13_vol._29_chapter_-_Quiet_talk_Temporary_time_on_the_way_home.pdf
  -> Waiting 8.48 seconds before next chapter...

[107/321] Downloading: 13_vol._30_chapter_-_Quiet_Tale_Back_to_Home
  -> Saved to /home/michael/Documents/wrong_way_to_use_healing_magic/raw_files/13_vol._30_chapter_-_Quiet_Tale_Back_to_Home.pdf
  -> Waiting 6.46 seconds before next chapter...

[108/321] Downloading: 13_vol._31_chapter_-_The_Runaway_Daughter_of_Nirvarna
  -> Saved to /home/michael/Documents/wrong_way_to_use_healing_magic/raw_files/13_vol._31_chapter_-_The_Runaway_Daughter_of_Nirvarna.pdf
  -> Waiting 9.86 seconds before next chapter...

[109/321] Downloading: 14_vol._1_chapter_-_Business_Trip_Rescue_Team_Demon_Lord&#x27;s_Territory
  -> Saved to /home/michael/Documents/wrong_way_to_use_healing_magic/raw_files/14_vol._1_chapter_-_Business_Trip_Rescue_Team_Demon_Lord&#x27;s_Territory.pdf
  -> Waiting 7.00 seconds before next chapter...

[110/321] Downloading: 14_vol._2_chapter
  -> Saved to /home/michael/Documents/wrong_way_to_use_healing_magic/raw_files/14_vol._2_chapter.pdf
  -> Waiting 9.52 seconds before next chapter...

[111/321] Downloading: 14_vol._3_chapter
  -> Saved to /home/michael/Documents/wrong_way_to_use_healing_magic/raw_files/14_vol._3_chapter.pdf
  -> Waiting 5.13 seconds before next chapter...

[112/321] Downloading: 14_vol._4_chapter
  -> Saved to /home/michael/Documents/wrong_way_to_use_healing_magic/raw_files/14_vol._4_chapter.pdf
  -> Waiting 8.92 seconds before next chapter...

[113/321] Downloading: 14_vol._5_chapter
  -> Saved to /home/michael/Documents/wrong_way_to_use_healing_magic/raw_files/14_vol._5_chapter.pdf
  -> Waiting 7.68 seconds before next chapter...

[114/321] Downloading: 14_vol._6_chapter
  -> Saved to /home/michael/Documents/wrong_way_to_use_healing_magic/raw_files/14_vol._6_chapter.pdf
  -> Waiting 7.79 seconds before next chapter...

[115/321] Downloading: 14_vol._7_chapter
  -> Saved to /home/michael/Documents/wrong_way_to_use_healing_magic/raw_files/14_vol._7_chapter.pdf
  -> Waiting 9.47 seconds before next chapter...

[116/321] Downloading: 14_vol._8_chapter
  -> Saved to /home/michael/Documents/wrong_way_to_use_healing_magic/raw_files/14_vol._8_chapter.pdf
  -> Waiting 7.45 seconds before next chapter...

[117/321] Downloading: 14_vol._9_chapter
  -> Saved to /home/michael/Documents/wrong_way_to_use_healing_magic/raw_files/14_vol._9_chapter.pdf
  -> Waiting 8.30 seconds before next chapter...

[118/321] Downloading: 14_vol._10_chapter
  -> Saved to /home/michael/Documents/wrong_way_to_use_healing_magic/raw_files/14_vol._10_chapter.pdf
  -> Waiting 8.66 seconds before next chapter...

[119/321] Downloading: 14_vol._11_chapter
  -> Saved to /home/michael/Documents/wrong_way_to_use_healing_magic/raw_files/14_vol._11_chapter.pdf
  -> Waiting 9.54 seconds before next chapter...

[120/321] Downloading: 14_vol._12_chapter
  -> Saved to /home/michael/Documents/wrong_way_to_use_healing_magic/raw_files/14_vol._12_chapter.pdf
  -> Waiting 6.48 seconds before next chapter...

[121/321] Downloading: 14_vol._13_chapter
  -> Saved to /home/michael/Documents/wrong_way_to_use_healing_magic/raw_files/14_vol._13_chapter.pdf
  -> Waiting 8.05 seconds before next chapter...

[122/321] Downloading: 14_vol._14_chapter
  -> Saved to /home/michael/Documents/wrong_way_to_use_healing_magic/raw_files/14_vol._14_chapter.pdf
  -> Waiting 6.23 seconds before next chapter...

[123/321] Downloading: 14_vol._15_chapter
  -> Saved to /home/michael/Documents/wrong_way_to_use_healing_magic/raw_files/14_vol._15_chapter.pdf
  -> Waiting 9.44 seconds before next chapter...

[124/321] Downloading: 14_vol._16_chapter
  -> Saved to /home/michael/Documents/wrong_way_to_use_healing_magic/raw_files/14_vol._16_chapter.pdf
  -> Waiting 5.98 seconds before next chapter...

[125/321] Downloading: 14_vol._17_chapter_-_Diary
  -> Saved to /home/michael/Documents/wrong_way_to_use_healing_magic/raw_files/14_vol._17_chapter_-_Diary.pdf
  -> Waiting 8.91 seconds before next chapter...

[126/321] Downloading: 14_vol._18_chapter
  -> Saved to /home/michael/Documents/wrong_way_to_use_healing_magic/raw_files/14_vol._18_chapter.pdf
  -> Waiting 5.50 seconds before next chapter...

[127/321] Downloading: 14_vol._19_chapter
  -> Saved to /home/michael/Documents/wrong_way_to_use_healing_magic/raw_files/14_vol._19_chapter.pdf
  -> Waiting 5.64 seconds before next chapter...

[128/321] Downloading: 14_vol._20_chapter
  -> Saved to /home/michael/Documents/wrong_way_to_use_healing_magic/raw_files/14_vol._20_chapter.pdf
  -> Waiting 7.13 seconds before next chapter...

[129/321] Downloading: 14_vol._21_chapter
  -> Saved to /home/michael/Documents/wrong_way_to_use_healing_magic/raw_files/14_vol._21_chapter.pdf
  -> Waiting 5.16 seconds before next chapter...

[130/321] Downloading: 14_vol._22_chapter
  -> Saved to /home/michael/Documents/wrong_way_to_use_healing_magic/raw_files/14_vol._22_chapter.pdf
  -> Waiting 5.29 seconds before next chapter...

[131/321] Downloading: 14_vol._23_chapter
  -> Saved to /home/michael/Documents/wrong_way_to_use_healing_magic/raw_files/14_vol._23_chapter.pdf
  -> Waiting 7.71 seconds before next chapter...

[132/321] Downloading: 14_vol._24_chapter
  -> Saved to /home/michael/Documents/wrong_way_to_use_healing_magic/raw_files/14_vol._24_chapter.pdf
  -> Waiting 9.18 seconds before next chapter...

[133/321] Downloading: 14_vol._25_chapter
  -> Saved to /home/michael/Documents/wrong_way_to_use_healing_magic/raw_files/14_vol._25_chapter.pdf
  -> Waiting 7.47 seconds before next chapter...

[134/321] Downloading: 14_vol._26_chapter
  -> Saved to /home/michael/Documents/wrong_way_to_use_healing_magic/raw_files/14_vol._26_chapter.pdf
  -> Waiting 7.99 seconds before next chapter...

[135/321] Downloading: 14_vol._27_chapter_-_Tale_of_a_Girl_Possessed_by_a_Ghost
  -> Saved to /home/michael/Documents/wrong_way_to_use_healing_magic/raw_files/14_vol._27_chapter_-_Tale_of_a_Girl_Possessed_by_a_Ghost.pdf
  -> Waiting 9.04 seconds before next chapter...

[136/321] Downloading: 14_vol._28_chapter
  -> Saved to /home/michael/Documents/wrong_way_to_use_healing_magic/raw_files/14_vol._28_chapter.pdf
  -> Waiting 9.74 seconds before next chapter...

[137/321] Downloading: 14_vol._29_chapter
  -> Saved to /home/michael/Documents/wrong_way_to_use_healing_magic/raw_files/14_vol._29_chapter.pdf
  -> Waiting 5.07 seconds before next chapter...

[138/321] Downloading: 14_vol._30_chapter
  -> Saved to /home/michael/Documents/wrong_way_to_use_healing_magic/raw_files/14_vol._30_chapter.pdf
  -> Waiting 7.68 seconds before next chapter...

[139/321] Downloading: 14_vol._31_chapter
  -> Saved to /home/michael/Documents/wrong_way_to_use_healing_magic/raw_files/14_vol._31_chapter.pdf
  -> Waiting 5.04 seconds before next chapter...

[140/321] Downloading: 14_vol._32_chapter
  -> Saved to /home/michael/Documents/wrong_way_to_use_healing_magic/raw_files/14_vol._32_chapter.pdf
  -> Waiting 5.92 seconds before next chapter...

[141/321] Downloading: 14_vol._33_chapter
  -> Saved to /home/michael/Documents/wrong_way_to_use_healing_magic/raw_files/14_vol._33_chapter.pdf
  -> Waiting 7.09 seconds before next chapter...

[142/321] Downloading: 14_vol._34_chapter_-_In_the_Kingdom_of_Ringle
  -> Saved to /home/michael/Documents/wrong_way_to_use_healing_magic/raw_files/14_vol._34_chapter_-_In_the_Kingdom_of_Ringle.pdf
  -> Waiting 6.72 seconds before next chapter...

[143/321] Downloading: 14_vol._35_chapter_-_In_Hinomoto
  -> Saved to /home/michael/Documents/wrong_way_to_use_healing_magic/raw_files/14_vol._35_chapter_-_In_Hinomoto.pdf
  -> Waiting 5.49 seconds before next chapter...

[144/321] Downloading: 14_vol._36_chapter_-_The_Silent_Tale_of_Keira&#x27;s_Change
  -> Saved to /home/michael/Documents/wrong_way_to_use_healing_magic/raw_files/14_vol._36_chapter_-_The_Silent_Tale_of_Keira&#x27;s_Change.pdf
  -> Waiting 8.23 seconds before next chapter...

[145/321] Downloading: 14_vol._37_chapter_-_Character_introduction_+_technique_introduction
  -> Saved to /home/michael/Documents/wrong_way_to_use_healing_magic/raw_files/14_vol._37_chapter_-_Character_introduction_+_technique_introduction.pdf
  -> Waiting 9.38 seconds before next chapter...

[146/321] Downloading: 15_vol._1_chapter_-_Business_Trip_Rescue_Team:_The_Realm_of_Demons
  -> Saved to /home/michael/Documents/wrong_way_to_use_healing_magic/raw_files/15_vol._1_chapter_-_Business_Trip_Rescue_Team:_The_Realm_of_Demons.pdf
  -> Waiting 7.08 seconds before next chapter...

[147/321] Downloading: 15_vol._2_chapter
  -> Saved to /home/michael/Documents/wrong_way_to_use_healing_magic/raw_files/15_vol._2_chapter.pdf
  -> Waiting 5.70 seconds before next chapter...

[148/321] Downloading: 15_vol._3_chapter
  -> Saved to /home/michael/Documents/wrong_way_to_use_healing_magic/raw_files/15_vol._3_chapter.pdf
  -> Waiting 7.73 seconds before next chapter...

[149/321] Downloading: 15_vol._4_chapter
  -> Saved to /home/michael/Documents/wrong_way_to_use_healing_magic/raw_files/15_vol._4_chapter.pdf
  -> Waiting 8.23 seconds before next chapter...

[150/321] Downloading: 15_vol._5_chapter
  -> Saved to /home/michael/Documents/wrong_way_to_use_healing_magic/raw_files/15_vol._5_chapter.pdf
  -> Waiting 9.43 seconds before next chapter...

[151/321] Downloading: 15_vol._6_chapter
  -> Saved to /home/michael/Documents/wrong_way_to_use_healing_magic/raw_files/15_vol._6_chapter.pdf
  -> Waiting 8.94 seconds before next chapter...

[152/321] Downloading: 15_vol._7_chapter
  -> Saved to /home/michael/Documents/wrong_way_to_use_healing_magic/raw_files/15_vol._7_chapter.pdf
  -> Waiting 6.34 seconds before next chapter...

[153/321] Downloading: 15_vol._8_chapter
  -> Saved to /home/michael/Documents/wrong_way_to_use_healing_magic/raw_files/15_vol._8_chapter.pdf
  -> Waiting 7.63 seconds before next chapter...

[154/321] Downloading: 15_vol._9_chapter
  -> Saved to /home/michael/Documents/wrong_way_to_use_healing_magic/raw_files/15_vol._9_chapter.pdf
  -> Waiting 8.65 seconds before next chapter...

[155/321] Downloading: 15_vol._10_chapter
  -> Saved to /home/michael/Documents/wrong_way_to_use_healing_magic/raw_files/15_vol._10_chapter.pdf
  -> Waiting 6.35 seconds before next chapter...

[156/321] Downloading: 15_vol._11_chapter
  -> Saved to /home/michael/Documents/wrong_way_to_use_healing_magic/raw_files/15_vol._11_chapter.pdf
  -> Waiting 8.86 seconds before next chapter...

[157/321] Downloading: 15_vol._12_chapter
  -> Saved to /home/michael/Documents/wrong_way_to_use_healing_magic/raw_files/15_vol._12_chapter.pdf
  -> Waiting 6.85 seconds before next chapter...

[158/321] Downloading: 15_vol._13_chapter
  -> Saved to /home/michael/Documents/wrong_way_to_use_healing_magic/raw_files/15_vol._13_chapter.pdf
  -> Waiting 8.01 seconds before next chapter...

[159/321] Downloading: 15_vol._14_chapter
  -> Saved to /home/michael/Documents/wrong_way_to_use_healing_magic/raw_files/15_vol._14_chapter.pdf
  -> Waiting 9.00 seconds before next chapter...

[160/321] Downloading: 15_vol._15_chapter
  -> Saved to /home/michael/Documents/wrong_way_to_use_healing_magic/raw_files/15_vol._15_chapter.pdf
  -> Waiting 8.75 seconds before next chapter...

[161/321] Downloading: 15_vol._16_chapter
  -> Saved to /home/michael/Documents/wrong_way_to_use_healing_magic/raw_files/15_vol._16_chapter.pdf
  -> Waiting 7.38 seconds before next chapter...

[162/321] Downloading: 15_vol._17_chapter
  -> Saved to /home/michael/Documents/wrong_way_to_use_healing_magic/raw_files/15_vol._17_chapter.pdf
  -> Waiting 6.39 seconds before next chapter...

[163/321] Downloading: 15_vol._18_chapter
  -> Saved to /home/michael/Documents/wrong_way_to_use_healing_magic/raw_files/15_vol._18_chapter.pdf
  -> Waiting 7.14 seconds before next chapter...

[164/321] Downloading: 15_vol._19_chapter
  -> Saved to /home/michael/Documents/wrong_way_to_use_healing_magic/raw_files/15_vol._19_chapter.pdf
  -> Waiting 7.34 seconds before next chapter...

[165/321] Downloading: 15_vol._20_chapter
  -> Saved to /home/michael/Documents/wrong_way_to_use_healing_magic/raw_files/15_vol._20_chapter.pdf
  -> Waiting 7.43 seconds before next chapter...

[166/321] Downloading: 15_vol._21_chapter
  -> Saved to /home/michael/Documents/wrong_way_to_use_healing_magic/raw_files/15_vol._21_chapter.pdf
  -> Waiting 9.08 seconds before next chapter...

[167/321] Downloading: 15_vol._22_chapter
  -> Saved to /home/michael/Documents/wrong_way_to_use_healing_magic/raw_files/15_vol._22_chapter.pdf
  -> Waiting 5.89 seconds before next chapter...

[168/321] Downloading: 15_vol._23_chapter
  -> Saved to /home/michael/Documents/wrong_way_to_use_healing_magic/raw_files/15_vol._23_chapter.pdf
  -> Waiting 7.27 seconds before next chapter...

[169/321] Downloading: 15_vol._24_chapter
  -> Saved to /home/michael/Documents/wrong_way_to_use_healing_magic/raw_files/15_vol._24_chapter.pdf
  -> Waiting 6.90 seconds before next chapter...

[170/321] Downloading: 15_vol._25_chapter
  -> Saved to /home/michael/Documents/wrong_way_to_use_healing_magic/raw_files/15_vol._25_chapter.pdf
  -> Waiting 9.04 seconds before next chapter...

[171/321] Downloading: 15_vol._26_chapter
  -> Saved to /home/michael/Documents/wrong_way_to_use_healing_magic/raw_files/15_vol._26_chapter.pdf
  -> Waiting 7.77 seconds before next chapter...

[172/321] Downloading: 15_vol._27_chapter
  -> Saved to /home/michael/Documents/wrong_way_to_use_healing_magic/raw_files/15_vol._27_chapter.pdf
  -> Waiting 9.21 seconds before next chapter...

[173/321] Downloading: 15_vol._28_chapter
  -> Saved to /home/michael/Documents/wrong_way_to_use_healing_magic/raw_files/15_vol._28_chapter.pdf
  -> Waiting 6.70 seconds before next chapter...

[174/321] Downloading: 15_vol._29_chapter
  -> Saved to /home/michael/Documents/wrong_way_to_use_healing_magic/raw_files/15_vol._29_chapter.pdf
  -> Waiting 9.61 seconds before next chapter...

[175/321] Downloading: 15_vol._30_chapter
  -> Saved to /home/michael/Documents/wrong_way_to_use_healing_magic/raw_files/15_vol._30_chapter.pdf
  -> Waiting 9.03 seconds before next chapter...

[176/321] Downloading: 15_vol._31_chapter
  -> Saved to /home/michael/Documents/wrong_way_to_use_healing_magic/raw_files/15_vol._31_chapter.pdf
  -> Waiting 9.95 seconds before next chapter...

[177/321] Downloading: 15_vol._32_chapter
  -> Saved to /home/michael/Documents/wrong_way_to_use_healing_magic/raw_files/15_vol._32_chapter.pdf
  -> Waiting 9.32 seconds before next chapter...

[178/321] Downloading: 15_vol._33_chapter
  -> Saved to /home/michael/Documents/wrong_way_to_use_healing_magic/raw_files/15_vol._33_chapter.pdf
  -> Waiting 9.59 seconds before next chapter...

[179/321] Downloading: 15_vol._34_chapter
  -> Saved to /home/michael/Documents/wrong_way_to_use_healing_magic/raw_files/15_vol._34_chapter.pdf
  -> Waiting 7.31 seconds before next chapter...

[180/321] Downloading: 15_vol._35_chapter
  -> Saved to /home/michael/Documents/wrong_way_to_use_healing_magic/raw_files/15_vol._35_chapter.pdf
  -> Waiting 7.04 seconds before next chapter...

[181/321] Downloading: 15_vol._36_chapter
  -> Saved to /home/michael/Documents/wrong_way_to_use_healing_magic/raw_files/15_vol._36_chapter.pdf
  -> Waiting 8.17 seconds before next chapter...

[182/321] Downloading: 15_vol._37_chapter_-_I&#x27;m_by_your_side
  -> Saved to /home/michael/Documents/wrong_way_to_use_healing_magic/raw_files/15_vol._37_chapter_-_I&#x27;m_by_your_side.pdf
  -> Waiting 8.41 seconds before next chapter...

[183/321] Downloading: 15_vol._38_chapter_-_427-521_Tales_of_His_Last_Journey
  -> Saved to /home/michael/Documents/wrong_way_to_use_healing_magic/raw_files/15_vol._38_chapter_-_427-521_Tales_of_His_Last_Journey.pdf
  -> Waiting 5.99 seconds before next chapter...

[184/321] Downloading: 15_vol._39_chapter_-_Characters_+_Techniques
  -> Saved to /home/michael/Documents/wrong_way_to_use_healing_magic/raw_files/15_vol._39_chapter_-_Characters_+_Techniques.pdf
  -> Waiting 9.86 seconds before next chapter...

[185/321] Downloading: 16_vol._1_chapter_-_The_Kingdom_of_Ringle
  -> Saved to /home/michael/Documents/wrong_way_to_use_healing_magic/raw_files/16_vol._1_chapter_-_The_Kingdom_of_Ringle.pdf
  -> Waiting 7.04 seconds before next chapter...

[186/321] Downloading: 16_vol._2_chapter
  -> Saved to /home/michael/Documents/wrong_way_to_use_healing_magic/raw_files/16_vol._2_chapter.pdf
  -> Waiting 9.04 seconds before next chapter...

[187/321] Downloading: 16_vol._3_chapter
  -> Saved to /home/michael/Documents/wrong_way_to_use_healing_magic/raw_files/16_vol._3_chapter.pdf
  -> Waiting 7.29 seconds before next chapter...

[188/321] Downloading: 16_vol._4_chapter
  -> Saved to /home/michael/Documents/wrong_way_to_use_healing_magic/raw_files/16_vol._4_chapter.pdf
  -> Waiting 8.79 seconds before next chapter...

[189/321] Downloading: 16_vol._5_chapter
  -> Saved to /home/michael/Documents/wrong_way_to_use_healing_magic/raw_files/16_vol._5_chapter.pdf
  -> Waiting 8.48 seconds before next chapter...

[190/321] Downloading: 16_vol._6_chapter
  -> Saved to /home/michael/Documents/wrong_way_to_use_healing_magic/raw_files/16_vol._6_chapter.pdf
  -> Waiting 5.75 seconds before next chapter...

[191/321] Downloading: 16_vol._7_chapter
  -> Saved to /home/michael/Documents/wrong_way_to_use_healing_magic/raw_files/16_vol._7_chapter.pdf
  -> Waiting 9.23 seconds before next chapter...

[192/321] Downloading: 16_vol._8_chapter
  -> Saved to /home/michael/Documents/wrong_way_to_use_healing_magic/raw_files/16_vol._8_chapter.pdf
  -> Waiting 9.48 seconds before next chapter...

[193/321] Downloading: 16_vol._9_chapter
  -> Saved to /home/michael/Documents/wrong_way_to_use_healing_magic/raw_files/16_vol._9_chapter.pdf
  -> Waiting 9.70 seconds before next chapter...

[194/321] Downloading: 16_vol._10_chapter
  -> Saved to /home/michael/Documents/wrong_way_to_use_healing_magic/raw_files/16_vol._10_chapter.pdf
  -> Waiting 6.54 seconds before next chapter...

[195/321] Downloading: 16_vol._11_chapter
  -> Saved to /home/michael/Documents/wrong_way_to_use_healing_magic/raw_files/16_vol._11_chapter.pdf
  -> Waiting 7.50 seconds before next chapter...

[196/321] Downloading: 16_vol._12_chapter
  -> Saved to /home/michael/Documents/wrong_way_to_use_healing_magic/raw_files/16_vol._12_chapter.pdf
  -> Waiting 6.53 seconds before next chapter...

[197/321] Downloading: 16_vol._13_chapter
  -> Saved to /home/michael/Documents/wrong_way_to_use_healing_magic/raw_files/16_vol._13_chapter.pdf
  -> Waiting 6.15 seconds before next chapter...

[198/321] Downloading: 16_vol._14_chapter
  -> Saved to /home/michael/Documents/wrong_way_to_use_healing_magic/raw_files/16_vol._14_chapter.pdf
  -> Waiting 7.21 seconds before next chapter...

[199/321] Downloading: 16_vol._15_chapter
  -> Saved to /home/michael/Documents/wrong_way_to_use_healing_magic/raw_files/16_vol._15_chapter.pdf
  -> Waiting 8.47 seconds before next chapter...

[200/321] Downloading: 16_vol._16_chapter
  -> Saved to /home/michael/Documents/wrong_way_to_use_healing_magic/raw_files/16_vol._16_chapter.pdf
  -> Waiting 7.90 seconds before next chapter...

[201/321] Downloading: 16_vol._17_chapter
  -> Saved to /home/michael/Documents/wrong_way_to_use_healing_magic/raw_files/16_vol._17_chapter.pdf
  -> Waiting 6.75 seconds before next chapter...

[202/321] Downloading: 16_vol._18_chapter
  -> Saved to /home/michael/Documents/wrong_way_to_use_healing_magic/raw_files/16_vol._18_chapter.pdf
  -> Waiting 8.15 seconds before next chapter...

[203/321] Downloading: 16_vol._19_chapter
  -> Saved to /home/michael/Documents/wrong_way_to_use_healing_magic/raw_files/16_vol._19_chapter.pdf
  -> Waiting 6.42 seconds before next chapter...

[204/321] Downloading: 16_vol._20_chapter
  -> Saved to /home/michael/Documents/wrong_way_to_use_healing_magic/raw_files/16_vol._20_chapter.pdf
  -> Waiting 6.73 seconds before next chapter...

[205/321] Downloading: 16_vol._21_chapter
  -> Saved to /home/michael/Documents/wrong_way_to_use_healing_magic/raw_files/16_vol._21_chapter.pdf
  -> Waiting 9.02 seconds before next chapter...

[206/321] Downloading: 16_vol._22_chapter
  -> Saved to /home/michael/Documents/wrong_way_to_use_healing_magic/raw_files/16_vol._22_chapter.pdf
  -> Waiting 6.60 seconds before next chapter...

[207/321] Downloading: 16_vol._23_chapter
  -> Saved to /home/michael/Documents/wrong_way_to_use_healing_magic/raw_files/16_vol._23_chapter.pdf
  -> Waiting 7.81 seconds before next chapter...

[208/321] Downloading: 16_vol._24_chapter
  -> Saved to /home/michael/Documents/wrong_way_to_use_healing_magic/raw_files/16_vol._24_chapter.pdf
  -> Waiting 7.52 seconds before next chapter...

[209/321] Downloading: 16_vol._25_chapter
  -> Saved to /home/michael/Documents/wrong_way_to_use_healing_magic/raw_files/16_vol._25_chapter.pdf
  -> Waiting 8.54 seconds before next chapter...

[210/321] Downloading: 16_vol._26_chapter
  -> Saved to /home/michael/Documents/wrong_way_to_use_healing_magic/raw_files/16_vol._26_chapter.pdf
  -> Waiting 6.19 seconds before next chapter...

[211/321] Downloading: 16_vol._27_chapter
  -> Saved to /home/michael/Documents/wrong_way_to_use_healing_magic/raw_files/16_vol._27_chapter.pdf
  -> Waiting 5.59 seconds before next chapter...

[212/321] Downloading: 16_vol._28_chapter_-_Narration:_Nak&#x27;s_Clinic_Training
  -> Saved to /home/michael/Documents/wrong_way_to_use_healing_magic/raw_files/16_vol._28_chapter_-_Narration:_Nak&#x27;s_Clinic_Training.pdf
  -> Waiting 6.66 seconds before next chapter...

[213/321] Downloading: 16_vol._29_chapter_-_Tale_of_the_Life_Rescue_Team
  -> Saved to /home/michael/Documents/wrong_way_to_use_healing_magic/raw_files/16_vol._29_chapter_-_Tale_of_the_Life_Rescue_Team.pdf
  -> Waiting 9.13 seconds before next chapter...

[214/321] Downloading: 16_vol._30_chapter_-_Characters_+_Techniques
  -> Saved to /home/michael/Documents/wrong_way_to_use_healing_magic/raw_files/16_vol._30_chapter_-_Characters_+_Techniques.pdf
  -> Waiting 7.30 seconds before next chapter...

[215/321] Downloading: 17_vol._31.1_chapter_-_Quiet_talk_late_at_night
  -> Saved to /home/michael/Documents/wrong_way_to_use_healing_magic/raw_files/17_vol._31.1_chapter_-_Quiet_talk_late_at_night.pdf
  -> Waiting 8.59 seconds before next chapter...

[216/321] Downloading: 17_vol._13.1_chapter_-_The_Speculation_of_the_Squire
  -> Saved to /home/michael/Documents/wrong_way_to_use_healing_magic/raw_files/17_vol._13.1_chapter_-_The_Speculation_of_the_Squire.pdf
  -> Waiting 5.76 seconds before next chapter...

[217/321] Downloading: 17_vol._1_chapter_-_The_Hero_Collection_Festival
  -> Saved to /home/michael/Documents/wrong_way_to_use_healing_magic/raw_files/17_vol._1_chapter_-_The_Hero_Collection_Festival.pdf
  -> Waiting 9.30 seconds before next chapter...

[218/321] Downloading: 17_vol._31.2_chapter
  -> Saved to /home/michael/Documents/wrong_way_to_use_healing_magic/raw_files/17_vol._31.2_chapter.pdf
  -> Waiting 9.49 seconds before next chapter...

[219/321] Downloading: 17_vol._13.2_chapter
  -> Saved to /home/michael/Documents/wrong_way_to_use_healing_magic/raw_files/17_vol._13.2_chapter.pdf
  -> Waiting 7.33 seconds before next chapter...

[220/321] Downloading: 17_vol._2_chapter
  -> Saved to /home/michael/Documents/wrong_way_to_use_healing_magic/raw_files/17_vol._2_chapter.pdf
  -> Waiting 6.17 seconds before next chapter...

[221/321] Downloading: 17_vol._3_chapter
  -> Saved to /home/michael/Documents/wrong_way_to_use_healing_magic/raw_files/17_vol._3_chapter.pdf
  -> Waiting 9.25 seconds before next chapter...

[222/321] Downloading: 17_vol._4_chapter
  -> Saved to /home/michael/Documents/wrong_way_to_use_healing_magic/raw_files/17_vol._4_chapter.pdf
  -> Waiting 6.37 seconds before next chapter...

[223/321] Downloading: 17_vol._5_chapter
  -> Saved to /home/michael/Documents/wrong_way_to_use_healing_magic/raw_files/17_vol._5_chapter.pdf
  -> Waiting 8.54 seconds before next chapter...

[224/321] Downloading: 17_vol._6_chapter
  -> Saved to /home/michael/Documents/wrong_way_to_use_healing_magic/raw_files/17_vol._6_chapter.pdf
  -> Waiting 6.25 seconds before next chapter...

[225/321] Downloading: 17_vol._7_chapter
  -> Saved to /home/michael/Documents/wrong_way_to_use_healing_magic/raw_files/17_vol._7_chapter.pdf
  -> Waiting 7.61 seconds before next chapter...

[226/321] Downloading: 17_vol._8_chapter
  -> Saved to /home/michael/Documents/wrong_way_to_use_healing_magic/raw_files/17_vol._8_chapter.pdf
  -> Waiting 5.86 seconds before next chapter...

[227/321] Downloading: 17_vol._9_chapter
  -> Saved to /home/michael/Documents/wrong_way_to_use_healing_magic/raw_files/17_vol._9_chapter.pdf
  -> Waiting 8.50 seconds before next chapter...

[228/321] Downloading: 17_vol._10_chapter
  -> Saved to /home/michael/Documents/wrong_way_to_use_healing_magic/raw_files/17_vol._10_chapter.pdf
  -> Waiting 9.49 seconds before next chapter...

[229/321] Downloading: 17_vol._11_chapter
  -> Saved to /home/michael/Documents/wrong_way_to_use_healing_magic/raw_files/17_vol._11_chapter.pdf
  -> Waiting 7.68 seconds before next chapter...

[230/321] Downloading: 17_vol._12_chapter
  -> Saved to /home/michael/Documents/wrong_way_to_use_healing_magic/raw_files/17_vol._12_chapter.pdf
  -> Waiting 9.39 seconds before next chapter...

[231/321] Downloading: 17_vol._14_chapter
  -> Saved to /home/michael/Documents/wrong_way_to_use_healing_magic/raw_files/17_vol._14_chapter.pdf
  -> Waiting 5.20 seconds before next chapter...

[232/321] Downloading: 17_vol._15_chapter
  -> Saved to /home/michael/Documents/wrong_way_to_use_healing_magic/raw_files/17_vol._15_chapter.pdf
  -> Waiting 7.90 seconds before next chapter...

[233/321] Downloading: 17_vol._16_chapter
  -> Saved to /home/michael/Documents/wrong_way_to_use_healing_magic/raw_files/17_vol._16_chapter.pdf
  -> Waiting 9.03 seconds before next chapter...

[234/321] Downloading: 17_vol._17_chapter
  -> Saved to /home/michael/Documents/wrong_way_to_use_healing_magic/raw_files/17_vol._17_chapter.pdf
  -> Waiting 7.57 seconds before next chapter...

[235/321] Downloading: 17_vol._18_chapter
  -> Saved to /home/michael/Documents/wrong_way_to_use_healing_magic/raw_files/17_vol._18_chapter.pdf
  -> Waiting 7.87 seconds before next chapter...

[236/321] Downloading: 17_vol._19_chapter
  -> Saved to /home/michael/Documents/wrong_way_to_use_healing_magic/raw_files/17_vol._19_chapter.pdf
  -> Waiting 9.67 seconds before next chapter...

[237/321] Downloading: 17_vol._20_chapter
  -> Saved to /home/michael/Documents/wrong_way_to_use_healing_magic/raw_files/17_vol._20_chapter.pdf
  -> Waiting 9.59 seconds before next chapter...

[238/321] Downloading: 17_vol._21_chapter
  -> Saved to /home/michael/Documents/wrong_way_to_use_healing_magic/raw_files/17_vol._21_chapter.pdf
  -> Waiting 6.88 seconds before next chapter...

[239/321] Downloading: 17_vol._22_chapter
  -> Saved to /home/michael/Documents/wrong_way_to_use_healing_magic/raw_files/17_vol._22_chapter.pdf
  -> Waiting 8.82 seconds before next chapter...

[240/321] Downloading: 17_vol._23_chapter
  -> Saved to /home/michael/Documents/wrong_way_to_use_healing_magic/raw_files/17_vol._23_chapter.pdf
  -> Waiting 5.91 seconds before next chapter...

[241/321] Downloading: 17_vol._24_chapter
  -> Saved to /home/michael/Documents/wrong_way_to_use_healing_magic/raw_files/17_vol._24_chapter.pdf
  -> Waiting 6.07 seconds before next chapter...

[242/321] Downloading: 17_vol._25_chapter
  -> Saved to /home/michael/Documents/wrong_way_to_use_healing_magic/raw_files/17_vol._25_chapter.pdf
  -> Waiting 9.70 seconds before next chapter...

[243/321] Downloading: 17_vol._26_chapter
  -> Saved to /home/michael/Documents/wrong_way_to_use_healing_magic/raw_files/17_vol._26_chapter.pdf
  -> Waiting 6.78 seconds before next chapter...

[244/321] Downloading: 17_vol._27_chapter
  -> Saved to /home/michael/Documents/wrong_way_to_use_healing_magic/raw_files/17_vol._27_chapter.pdf
  -> Waiting 8.48 seconds before next chapter...

[245/321] Downloading: 17_vol._28_chapter
  -> Saved to /home/michael/Documents/wrong_way_to_use_healing_magic/raw_files/17_vol._28_chapter.pdf
  -> Waiting 6.57 seconds before next chapter...

[246/321] Downloading: 17_vol._29_chapter
  -> Saved to /home/michael/Documents/wrong_way_to_use_healing_magic/raw_files/17_vol._29_chapter.pdf
  -> Waiting 8.94 seconds before next chapter...

[247/321] Downloading: 17_vol._30_chapter
  -> Saved to /home/michael/Documents/wrong_way_to_use_healing_magic/raw_files/17_vol._30_chapter.pdf
  -> Waiting 7.74 seconds before next chapter...

[248/321] Downloading: 17_vol._32_chapter
  -> Saved to /home/michael/Documents/wrong_way_to_use_healing_magic/raw_files/17_vol._32_chapter.pdf
  -> Waiting 9.25 seconds before next chapter...

[249/321] Downloading: 17_vol._33_chapter
  -> Saved to /home/michael/Documents/wrong_way_to_use_healing_magic/raw_files/17_vol._33_chapter.pdf
  -> Waiting 7.21 seconds before next chapter...

[250/321] Downloading: 17_vol._34_chapter
  -> Saved to /home/michael/Documents/wrong_way_to_use_healing_magic/raw_files/17_vol._34_chapter.pdf
  -> Waiting 8.46 seconds before next chapter...

[251/321] Downloading: 17_vol._35_chapter
  -> Saved to /home/michael/Documents/wrong_way_to_use_healing_magic/raw_files/17_vol._35_chapter.pdf
  -> Waiting 7.86 seconds before next chapter...

[252/321] Downloading: 17_vol._36_chapter
  -> Saved to /home/michael/Documents/wrong_way_to_use_healing_magic/raw_files/17_vol._36_chapter.pdf
  -> Waiting 7.44 seconds before next chapter...

[253/321] Downloading: 17_vol._37_chapter
  -> Saved to /home/michael/Documents/wrong_way_to_use_healing_magic/raw_files/17_vol._37_chapter.pdf
  -> Waiting 6.40 seconds before next chapter...

[254/321] Downloading: 17_vol._38_chapter
  -> Saved to /home/michael/Documents/wrong_way_to_use_healing_magic/raw_files/17_vol._38_chapter.pdf
  -> Waiting 6.25 seconds before next chapter...

[255/321] Downloading: 17_vol._39_chapter
  -> Saved to /home/michael/Documents/wrong_way_to_use_healing_magic/raw_files/17_vol._39_chapter.pdf
  -> Waiting 5.54 seconds before next chapter...

[256/321] Downloading: 17_vol._40_chapter
  -> Saved to /home/michael/Documents/wrong_way_to_use_healing_magic/raw_files/17_vol._40_chapter.pdf
  -> Waiting 9.86 seconds before next chapter...

[257/321] Downloading: 17_vol._41_chapter
  -> Saved to /home/michael/Documents/wrong_way_to_use_healing_magic/raw_files/17_vol._41_chapter.pdf
  -> Waiting 8.92 seconds before next chapter...

[258/321] Downloading: 17_vol._42_chapter
  -> Saved to /home/michael/Documents/wrong_way_to_use_healing_magic/raw_files/17_vol._42_chapter.pdf
  -> Waiting 9.79 seconds before next chapter...

[259/321] Downloading: 17_vol._43_chapter
  -> Saved to /home/michael/Documents/wrong_way_to_use_healing_magic/raw_files/17_vol._43_chapter.pdf
  -> Waiting 5.02 seconds before next chapter...

[260/321] Downloading: 17_vol._44_chapter
  -> Saved to /home/michael/Documents/wrong_way_to_use_healing_magic/raw_files/17_vol._44_chapter.pdf
  -> Waiting 7.26 seconds before next chapter...

[261/321] Downloading: 17_vol._45_chapter
  -> Saved to /home/michael/Documents/wrong_way_to_use_healing_magic/raw_files/17_vol._45_chapter.pdf
  -> Waiting 9.49 seconds before next chapter...

[262/321] Downloading: 17_vol._46_chapter
  -> Saved to /home/michael/Documents/wrong_way_to_use_healing_magic/raw_files/17_vol._46_chapter.pdf
  -> Waiting 7.28 seconds before next chapter...

[263/321] Downloading: 17_vol._47_chapter
  -> Saved to /home/michael/Documents/wrong_way_to_use_healing_magic/raw_files/17_vol._47_chapter.pdf
  -> Waiting 6.12 seconds before next chapter...

[264/321] Downloading: 17_vol._48_chapter
  -> Saved to /home/michael/Documents/wrong_way_to_use_healing_magic/raw_files/17_vol._48_chapter.pdf
  -> Waiting 9.91 seconds before next chapter...

[265/321] Downloading: 17_vol._49_chapter
  -> Saved to /home/michael/Documents/wrong_way_to_use_healing_magic/raw_files/17_vol._49_chapter.pdf
  -> Waiting 6.85 seconds before next chapter...

[266/321] Downloading: 17_vol._50_chapter
  -> Saved to /home/michael/Documents/wrong_way_to_use_healing_magic/raw_files/17_vol._50_chapter.pdf
  -> Waiting 6.16 seconds before next chapter...

[267/321] Downloading: 17_vol._51_chapter
  -> Saved to /home/michael/Documents/wrong_way_to_use_healing_magic/raw_files/17_vol._51_chapter.pdf
  -> Waiting 9.00 seconds before next chapter...

[268/321] Downloading: 17_vol._52_chapter
  -> Saved to /home/michael/Documents/wrong_way_to_use_healing_magic/raw_files/17_vol._52_chapter.pdf
  -> Waiting 5.65 seconds before next chapter...

[269/321] Downloading: 17_vol._53_chapter
  -> Saved to /home/michael/Documents/wrong_way_to_use_healing_magic/raw_files/17_vol._53_chapter.pdf
  -> Waiting 6.08 seconds before next chapter...

[270/321] Downloading: 17_vol._54_chapter
  -> Saved to /home/michael/Documents/wrong_way_to_use_healing_magic/raw_files/17_vol._54_chapter.pdf
  -> Waiting 7.95 seconds before next chapter...

[271/321] Downloading: 17_vol._55_chapter
  -> Saved to /home/michael/Documents/wrong_way_to_use_healing_magic/raw_files/17_vol._55_chapter.pdf
  -> Waiting 8.04 seconds before next chapter...

[272/321] Downloading: 17_vol._56_chapter
  -> Saved to /home/michael/Documents/wrong_way_to_use_healing_magic/raw_files/17_vol._56_chapter.pdf
  -> Waiting 6.64 seconds before next chapter...

[273/321] Downloading: 17_vol._57_chapter
  -> Saved to /home/michael/Documents/wrong_way_to_use_healing_magic/raw_files/17_vol._57_chapter.pdf
  -> Waiting 7.06 seconds before next chapter...

[274/321] Downloading: 17_vol._58_chapter
  -> Saved to /home/michael/Documents/wrong_way_to_use_healing_magic/raw_files/17_vol._58_chapter.pdf
  -> Waiting 6.99 seconds before next chapter...

[275/321] Downloading: 17_vol._59_chapter
  -> Saved to /home/michael/Documents/wrong_way_to_use_healing_magic/raw_files/17_vol._59_chapter.pdf
  -> Waiting 6.78 seconds before next chapter...

[276/321] Downloading: 17_vol._60_chapter
  -> Saved to /home/michael/Documents/wrong_way_to_use_healing_magic/raw_files/17_vol._60_chapter.pdf
  -> Waiting 6.23 seconds before next chapter...

[277/321] Downloading: 17_vol._61_chapter
  -> Saved to /home/michael/Documents/wrong_way_to_use_healing_magic/raw_files/17_vol._61_chapter.pdf
  -> Waiting 7.34 seconds before next chapter...

[278/321] Downloading: 17_vol._62_chapter
  -> Saved to /home/michael/Documents/wrong_way_to_use_healing_magic/raw_files/17_vol._62_chapter.pdf
  -> Waiting 8.98 seconds before next chapter...

[279/321] Downloading: 17_vol._63_chapter
  -> Saved to /home/michael/Documents/wrong_way_to_use_healing_magic/raw_files/17_vol._63_chapter.pdf
  -> Waiting 5.02 seconds before next chapter...

[280/321] Downloading: 17_vol._64_chapter
  -> Saved to /home/michael/Documents/wrong_way_to_use_healing_magic/raw_files/17_vol._64_chapter.pdf
  -> Waiting 8.61 seconds before next chapter...

[281/321] Downloading: 17_vol._65_chapter
  -> Saved to /home/michael/Documents/wrong_way_to_use_healing_magic/raw_files/17_vol._65_chapter.pdf
  -> Waiting 8.50 seconds before next chapter...

[282/321] Downloading: 17_vol._66_chapter
  -> Saved to /home/michael/Documents/wrong_way_to_use_healing_magic/raw_files/17_vol._66_chapter.pdf
  -> Waiting 7.13 seconds before next chapter...

[283/321] Downloading: 17_vol._67_chapter_-_Jinya&#x27;s_Responsibilities
  -> Saved to /home/michael/Documents/wrong_way_to_use_healing_magic/raw_files/17_vol._67_chapter_-_Jinya&#x27;s_Responsibilities.pdf
  -> Waiting 7.83 seconds before next chapter...

[284/321] Downloading: 17_vol._68_chapter_-_Half-hearted_Stories
  -> Saved to /home/michael/Documents/wrong_way_to_use_healing_magic/raw_files/17_vol._68_chapter_-_Half-hearted_Stories.pdf
  -> Waiting 9.94 seconds before next chapter...

[285/321] Downloading: 17_vol._69_chapter_-_Half-hearted_Medium
  -> Saved to /home/michael/Documents/wrong_way_to_use_healing_magic/raw_files/17_vol._69_chapter_-_Half-hearted_Medium.pdf
  -> Waiting 6.00 seconds before next chapter...

[286/321] Downloading: 17_vol._70_chapter_-_Half-hearted_person_below
  -> Saved to /home/michael/Documents/wrong_way_to_use_healing_magic/raw_files/17_vol._70_chapter_-_Half-hearted_person_below.pdf
  -> Waiting 7.46 seconds before next chapter...

[287/321] Downloading: 17_vol._71_chapter_-_Characters_+_Techniques
  -> Saved to /home/michael/Documents/wrong_way_to_use_healing_magic/raw_files/17_vol._71_chapter_-_Characters_+_Techniques.pdf
  -> Waiting 5.84 seconds before next chapter...

[288/321] Downloading: 18_vol._1_chapter
  -> Saved to /home/michael/Documents/wrong_way_to_use_healing_magic/raw_files/18_vol._1_chapter.pdf
  -> Waiting 5.49 seconds before next chapter...

[289/321] Downloading: 18_vol._2_chapter
  -> Saved to /home/michael/Documents/wrong_way_to_use_healing_magic/raw_files/18_vol._2_chapter.pdf
  -> Waiting 6.23 seconds before next chapter...

[290/321] Downloading: 18_vol._3_chapter
  -> Saved to /home/michael/Documents/wrong_way_to_use_healing_magic/raw_files/18_vol._3_chapter.pdf
  -> Waiting 8.09 seconds before next chapter...

[291/321] Downloading: 18_vol._4_chapter
  -> Saved to /home/michael/Documents/wrong_way_to_use_healing_magic/raw_files/18_vol._4_chapter.pdf
  -> Waiting 9.13 seconds before next chapter...

[292/321] Downloading: 18_vol._5_chapter
  -> Saved to /home/michael/Documents/wrong_way_to_use_healing_magic/raw_files/18_vol._5_chapter.pdf
  -> Waiting 7.75 seconds before next chapter...

[293/321] Downloading: 18_vol._6_chapter
  -> Saved to /home/michael/Documents/wrong_way_to_use_healing_magic/raw_files/18_vol._6_chapter.pdf
  -> Waiting 5.33 seconds before next chapter...

[294/321] Downloading: 18_vol._7_chapter
  -> Saved to /home/michael/Documents/wrong_way_to_use_healing_magic/raw_files/18_vol._7_chapter.pdf
  -> Waiting 9.15 seconds before next chapter...

[295/321] Downloading: 18_vol._8_chapter
  -> Saved to /home/michael/Documents/wrong_way_to_use_healing_magic/raw_files/18_vol._8_chapter.pdf
  -> Waiting 9.80 seconds before next chapter...

[296/321] Downloading: 18_vol._9_chapter
  -> Saved to /home/michael/Documents/wrong_way_to_use_healing_magic/raw_files/18_vol._9_chapter.pdf
  -> Waiting 9.30 seconds before next chapter...

[297/321] Downloading: 18_vol._10_chapter
  -> Saved to /home/michael/Documents/wrong_way_to_use_healing_magic/raw_files/18_vol._10_chapter.pdf
  -> Waiting 7.06 seconds before next chapter...

[298/321] Downloading: 18_vol._11_chapter
  -> Saved to /home/michael/Documents/wrong_way_to_use_healing_magic/raw_files/18_vol._11_chapter.pdf
  -> Waiting 9.93 seconds before next chapter...

[299/321] Downloading: 18_vol._12_chapter
  -> Saved to /home/michael/Documents/wrong_way_to_use_healing_magic/raw_files/18_vol._12_chapter.pdf
  -> Waiting 5.53 seconds before next chapter...

[300/321] Downloading: 18_vol._13_chapter
  -> Saved to /home/michael/Documents/wrong_way_to_use_healing_magic/raw_files/18_vol._13_chapter.pdf
  -> Waiting 6.69 seconds before next chapter...

[301/321] Downloading: 18_vol._14_chapter
  -> Saved to /home/michael/Documents/wrong_way_to_use_healing_magic/raw_files/18_vol._14_chapter.pdf
  -> Waiting 6.64 seconds before next chapter...

[302/321] Downloading: 18_vol._15_chapter
  -> Saved to /home/michael/Documents/wrong_way_to_use_healing_magic/raw_files/18_vol._15_chapter.pdf
  -> Waiting 9.89 seconds before next chapter...

[303/321] Downloading: 18_vol._16_chapter
  -> Saved to /home/michael/Documents/wrong_way_to_use_healing_magic/raw_files/18_vol._16_chapter.pdf
  -> Waiting 8.38 seconds before next chapter...

[304/321] Downloading: 18_vol._17_chapter
  -> Saved to /home/michael/Documents/wrong_way_to_use_healing_magic/raw_files/18_vol._17_chapter.pdf
  -> Waiting 9.04 seconds before next chapter...

[305/321] Downloading: 18_vol._18_chapter
  -> Saved to /home/michael/Documents/wrong_way_to_use_healing_magic/raw_files/18_vol._18_chapter.pdf
  -> Waiting 8.22 seconds before next chapter...

[306/321] Downloading: 18_vol._19_chapter
  -> Saved to /home/michael/Documents/wrong_way_to_use_healing_magic/raw_files/18_vol._19_chapter.pdf
  -> Waiting 5.02 seconds before next chapter...

[307/321] Downloading: 18_vol._20_chapter
  -> Saved to /home/michael/Documents/wrong_way_to_use_healing_magic/raw_files/18_vol._20_chapter.pdf
  -> Waiting 7.12 seconds before next chapter...

[308/321] Downloading: 18_vol._21_chapter
  -> Saved to /home/michael/Documents/wrong_way_to_use_healing_magic/raw_files/18_vol._21_chapter.pdf
  -> Waiting 9.77 seconds before next chapter...

[309/321] Downloading: 18_vol._22_chapter
  -> Saved to /home/michael/Documents/wrong_way_to_use_healing_magic/raw_files/18_vol._22_chapter.pdf
  -> Waiting 9.73 seconds before next chapter...

[310/321] Downloading: 18_vol._23_chapter
  -> Saved to /home/michael/Documents/wrong_way_to_use_healing_magic/raw_files/18_vol._23_chapter.pdf
  -> Waiting 6.78 seconds before next chapter...

[311/321] Downloading: 18_vol._24_chapter_-_Diary_Entry
  -> Saved to /home/michael/Documents/wrong_way_to_use_healing_magic/raw_files/18_vol._24_chapter_-_Diary_Entry.pdf
  -> Waiting 7.83 seconds before next chapter...

[312/321] Downloading: 18_vol._25_chapter
  -> Saved to /home/michael/Documents/wrong_way_to_use_healing_magic/raw_files/18_vol._25_chapter.pdf
  -> Waiting 6.86 seconds before next chapter...

[313/321] Downloading: 18_vol._26_chapter
  -> Saved to /home/michael/Documents/wrong_way_to_use_healing_magic/raw_files/18_vol._26_chapter.pdf
  -> Waiting 5.98 seconds before next chapter...

[314/321] Downloading: 18_vol._27_chapter
  -> Saved to /home/michael/Documents/wrong_way_to_use_healing_magic/raw_files/18_vol._27_chapter.pdf
  -> Waiting 6.81 seconds before next chapter...

[315/321] Downloading: 18_vol._28_chapter
  -> Saved to /home/michael/Documents/wrong_way_to_use_healing_magic/raw_files/18_vol._28_chapter.pdf
  -> Waiting 5.86 seconds before next chapter...

[316/321] Downloading: 18_vol._29_chapter
  -> Saved to /home/michael/Documents/wrong_way_to_use_healing_magic/raw_files/18_vol._29_chapter.pdf
  -> Waiting 5.75 seconds before next chapter...

[317/321] Downloading: 18_vol._30_chapter
  -> Saved to /home/michael/Documents/wrong_way_to_use_healing_magic/raw_files/18_vol._30_chapter.pdf
  -> Waiting 6.98 seconds before next chapter...

[318/321] Downloading: 18_vol._31_chapter
  -> Saved to /home/michael/Documents/wrong_way_to_use_healing_magic/raw_files/18_vol._31_chapter.pdf
  -> Waiting 9.57 seconds before next chapter...

[319/321] Downloading: 18_vol._32_chapter
  -> Saved to /home/michael/Documents/wrong_way_to_use_healing_magic/raw_files/18_vol._32_chapter.pdf
  -> Waiting 5.13 seconds before next chapter...

[320/321] Downloading: 18_vol._33_chapter
  -> Saved to /home/michael/Documents/wrong_way_to_use_healing_magic/raw_files/18_vol._33_chapter.pdf
  -> Waiting 8.63 seconds before next chapter...

[321/321] Downloading: 18_vol._34_chapter
  -> Saved to /home/michael/Documents/wrong_way_to_use_healing_magic/raw_files/18_vol._34_chapter.pdf
